2025-05-15T10:35:48.404+09:00  INFO 16504 --- [MySpringBootLab] [restartedMain] c.r.M.MySpringbootLabApplication         : Starting MySpringbootLabApplication using Java 17.0.2 with PID 16504 (C:\mybackend\MySpringbootLab\target\classes started by user in C:\mybackend\MySpringbootLab)
2025-05-15T10:35:48.413+09:00  INFO 16504 --- [MySpringBootLab] [restartedMain] c.r.M.MySpringbootLabApplication         : The following 1 profile is active: "prod"
2025-05-15T10:35:48.464+09:00  INFO 16504 --- [MySpringBootLab] [restartedMain] .e.DevToolsPropertyDefaultsPostProcessor : Devtools property defaults active! Set 'spring.devtools.add-properties' to 'false' to disable
2025-05-15T10:35:48.464+09:00  INFO 16504 --- [MySpringBootLab] [restartedMain] .e.DevToolsPropertyDefaultsPostProcessor : For additional web related logging consider setting the 'logging.level.web' property to 'DEBUG'
2025-05-15T10:35:49.850+09:00  INFO 16504 --- [MySpringBootLab] [restartedMain] .s.d.r.c.RepositoryConfigurationDelegate : Bootstrapping Spring Data JPA repositories in DEFAULT mode.
2025-05-15T10:35:49.913+09:00  INFO 16504 --- [MySpringBootLab] [restartedMain] .s.d.r.c.RepositoryConfigurationDelegate : Finished Spring Data repository scanning in 53 ms. Found 2 JPA repository interfaces.
2025-05-15T10:35:51.092+09:00  INFO 16504 --- [MySpringBootLab] [restartedMain] o.s.b.w.embedded.tomcat.TomcatWebServer  : Tomcat initialized with port 8080 (http)
2025-05-15T10:35:51.129+09:00  INFO 16504 --- [MySpringBootLab] [restartedMain] o.apache.catalina.core.StandardService   : Starting service [Tomcat]
2025-05-15T10:35:51.129+09:00  INFO 16504 --- [MySpringBootLab] [restartedMain] o.apache.catalina.core.StandardEngine    : Starting Servlet engine: [Apache Tomcat/10.1.40]
2025-05-15T10:35:51.219+09:00  INFO 16504 --- [MySpringBootLab] [restartedMain] o.a.c.c.C.[Tomcat].[localhost].[/]       : Initializing Spring embedded WebApplicationContext
2025-05-15T10:35:51.220+09:00  INFO 16504 --- [MySpringBootLab] [restartedMain] w.s.c.ServletWebServerApplicationContext : Root WebApplicationContext: initialization completed in 2755 ms
2025-05-15T10:35:51.987+09:00  INFO 16504 --- [MySpringBootLab] [restartedMain] o.hibernate.jpa.internal.util.LogHelper  : HHH000204: Processing PersistenceUnitInfo [name: default]
2025-05-15T10:35:52.100+09:00  INFO 16504 --- [MySpringBootLab] [restartedMain] org.hibernate.Version                    : HHH000412: Hibernate ORM core version 6.6.13.Final
2025-05-15T10:35:52.133+09:00  INFO 16504 --- [MySpringBootLab] [restartedMain] o.h.c.internal.RegionFactoryInitiator    : HHH000026: Second-level cache disabled
2025-05-15T10:35:52.421+09:00  INFO 16504 --- [MySpringBootLab] [restartedMain] o.s.o.j.p.SpringPersistenceUnitInfo      : No LoadTimeWeaver setup: ignoring JPA class transformer
2025-05-15T10:35:52.450+09:00  INFO 16504 --- [MySpringBootLab] [restartedMain] com.zaxxer.hikari.HikariDataSource       : HikariPool-1 - Starting...
2025-05-15T10:35:52.545+09:00  INFO 16504 --- [MySpringBootLab] [restartedMain] com.zaxxer.hikari.pool.HikariPool        : HikariPool-1 - Added connection org.mariadb.jdbc.Connection@7b2b2363
2025-05-15T10:35:52.546+09:00  INFO 16504 --- [MySpringBootLab] [restartedMain] com.zaxxer.hikari.HikariDataSource       : HikariPool-1 - Start completed.
2025-05-15T10:35:52.570+09:00  WARN 16504 --- [MySpringBootLab] [restartedMain] org.hibernate.orm.deprecation            : HHH90000025: MariaDBDialect does not need to be specified explicitly using 'hibernate.dialect' (remove the property setting and it will be selected by default)
2025-05-15T10:35:52.587+09:00  INFO 16504 --- [MySpringBootLab] [restartedMain] org.hibernate.orm.connections.pooling    : HHH10001005: Database info:
	Database JDBC URL [Connecting through datasource 'HikariDataSource (HikariPool-1)']
	Database driver: undefined/unknown
	Database version: 10.11.5
	Autocommit mode: undefined/unknown
	Isolation level: undefined/unknown
	Minimum pool size: undefined/unknown
	Maximum pool size: undefined/unknown
2025-05-15T10:35:53.362+09:00  INFO 16504 --- [MySpringBootLab] [restartedMain] o.h.e.t.j.p.i.JtaPlatformInitiator       : HHH000489: No JTA platform available (set 'hibernate.transaction.jta.platform' to enable JTA platform integration)
2025-05-15T10:35:53.511+09:00  INFO 16504 --- [MySpringBootLab] [restartedMain] j.LocalContainerEntityManagerFactoryBean : Initialized JPA EntityManagerFactory for persistence unit 'default'
2025-05-15T10:35:54.060+09:00  INFO 16504 --- [MySpringBootLab] [restartedMain] o.s.d.j.r.query.QueryEnhancerFactory     : Hibernate is in classpath; If applicable, HQL parser will be used.
2025-05-15T10:35:54.838+09:00  WARN 16504 --- [MySpringBootLab] [restartedMain] JpaBaseConfiguration$JpaWebConfiguration : spring.jpa.open-in-view is enabled by default. Therefore, database queries may be performed during view rendering. Explicitly configure spring.jpa.open-in-view to disable this warning
2025-05-15T10:35:55.651+09:00  WARN 16504 --- [MySpringBootLab] [restartedMain] ion$DefaultTemplateResolverConfiguration : Cannot find template location: classpath:/templates/ (please add some templates, check your Thymeleaf configuration, or set spring.thymeleaf.check-template-location=false)
2025-05-15T10:35:56.255+09:00  INFO 16504 --- [MySpringBootLab] [restartedMain] o.s.b.a.h2.H2ConsoleAutoConfiguration    : H2 console available at '/h2-console'. Database available at 'jdbc:mariadb://127.0.0.1/lab_db?user=lab&password=***'
2025-05-15T10:35:56.357+09:00  INFO 16504 --- [MySpringBootLab] [restartedMain] o.s.b.d.a.OptionalLiveReloadServer       : LiveReload server is running on port 35729
2025-05-15T10:35:56.374+09:00  INFO 16504 --- [MySpringBootLab] [restartedMain] o.s.b.a.e.web.EndpointLinksResolver      : Exposing 1 endpoint beneath base path '/actuator'
2025-05-15T10:35:56.479+09:00  INFO 16504 --- [MySpringBootLab] [restartedMain] o.s.b.w.embedded.tomcat.TomcatWebServer  : Tomcat started on port 8080 (http) with context path '/'
2025-05-15T10:35:56.490+09:00  INFO 16504 --- [MySpringBootLab] [restartedMain] c.r.M.MySpringbootLabApplication         : Started MySpringbootLabApplication in 8.607 seconds (process running for 15.212)
2025-05-15T10:35:56.545+09:00  INFO 16504 --- [MySpringBootLab] [restartedMain] c.r.MySpringbootLab.runner.MyPropRunner  : MyPropProperties getName() = Prod Env
2025-05-15T10:35:56.546+09:00  INFO 16504 --- [MySpringBootLab] [restartedMain] c.r.MySpringbootLab.runner.MyPropRunner  : MyPropProperties getPort() = 35
2025-05-15T10:36:13.763+09:00  INFO 16504 --- [MySpringBootLab] [SpringApplicationShutdownHook] o.s.b.w.e.tomcat.GracefulShutdown        : Commencing graceful shutdown. Waiting for active requests to complete
2025-05-15T10:36:13.859+09:00  INFO 16504 --- [MySpringBootLab] [tomcat-shutdown] o.s.b.w.e.tomcat.GracefulShutdown        : Graceful shutdown complete
2025-05-15T10:36:13.862+09:00  INFO 16504 --- [MySpringBootLab] [SpringApplicationShutdownHook] j.LocalContainerEntityManagerFactoryBean : Closing JPA EntityManagerFactory for persistence unit 'default'
2025-05-15T10:36:13.866+09:00  INFO 16504 --- [MySpringBootLab] [SpringApplicationShutdownHook] com.zaxxer.hikari.HikariDataSource       : HikariPool-1 - Shutdown initiated...
2025-05-15T10:36:13.870+09:00  INFO 16504 --- [MySpringBootLab] [SpringApplicationShutdownHook] com.zaxxer.hikari.HikariDataSource       : HikariPool-1 - Shutdown completed.
